# JRE version: OpenJDK Runtime Environment (8.0_242-b01) (build 1.8.0_242-release-1644-b01)
# Java VM: OpenJDK 64-Bit Server VM (25.242-b01 mixed mode windows-amd64 compressed oops)
Heap:
 PSYoungGen      total 656896K, used 407606K [0x00000000d5580000, 0x00000000fff00000, 0x0000000100000000)
  eden space 623104K, 65% used [0x00000000d5580000,0x00000000ee38db50,0x00000000fb600000)
  from space 33792K, 0% used [0x00000000fd580000,0x00000000fd580000,0x00000000ff680000)
  to   space 32256K, 0% used [0x00000000fb600000,0x00000000fb600000,0x00000000fd580000)
 ParOldGen       total 155648K, used 55223K [0x0000000080000000, 0x0000000089800000, 0x00000000d5580000)
  object space 155648K, 35% used [0x0000000080000000,0x00000000835ede98,0x0000000089800000)
 Metaspace       used 92954K, capacity 97422K, committed 99864K, reserved 1136640K
  class space    used 12146K, capacity 12963K, committed 13616K, reserved 1048576K
GC Heap History (10 events):
Event: 19.811 GC heap before
{Heap before GC invocations=12 (full 3):
 PSYoungGen      total 484864K, used 19953K [0x00000000d5580000, 0x00000000f8600000, 0x0000000100000000)
  eden space 464896K, 0% used [0x00000000d5580000,0x00000000d5580000,0x00000000f1b80000)
  from space 19968K, 99% used [0x00000000f1b80000,0x00000000f2efc758,0x00000000f2f00000)
  to   space 24064K, 0% used [0x00000000f6e80000,0x00000000f6e80000,0x00000000f8600000)
 ParOldGen       total 73216K, used 22959K [0x0000000080000000, 0x0000000084780000, 0x00000000d5580000)
  object space 73216K, 31% used [0x0000000080000000,0x000000008166bf50,0x0000000084780000)
 Metaspace       used 56520K, capacity 58942K, committed 59160K, reserved 1099776K
  class space    used 7740K, capacity 8220K, committed 8240K, reserved 1048576K
Event: 20.058 GC heap after
Heap after GC invocations=12 (full 3):
 PSYoungGen      total 484864K, used 0K [0x00000000d5580000, 0x00000000f8600000, 0x0000000100000000)
  eden space 464896K, 0% used [0x00000000d5580000,0x00000000d5580000,0x00000000f1b80000)
  from space 19968K, 0% used [0x00000000f1b80000,0x00000000f1b80000,0x00000000f2f00000)
  to   space 24064K, 0% used [0x00000000f6e80000,0x00000000f6e80000,0x00000000f8600000)
 ParOldGen       total 111104K, used 34330K [0x0000000080000000, 0x0000000086c80000, 0x00000000d5580000)
  object space 111104K, 30% used [0x0000000080000000,0x00000000821869b8,0x0000000086c80000)
 Metaspace       used 56472K, capacity 58780K, committed 59160K, reserved 1099776K
  class space    used 7725K, capacity 8193K, committed 8240K, reserved 1048576K
}
Event: 43.024 GC heap before
{Heap before GC invocations=13 (full 3):
 PSYoungGen      total 484864K, used 464896K [0x00000000d5580000, 0x00000000f8600000, 0x0000000100000000)
  eden space 464896K, 100% used [0x00000000d5580000,0x00000000f1b80000,0x00000000f1b80000)
  from space 19968K, 0% used [0x00000000f1b80000,0x00000000f1b80000,0x00000000f2f00000)
  to   space 24064K, 0% used [0x00000000f6e80000,0x00000000f6e80000,0x00000000f8600000)
 ParOldGen       total 111104K, used 34330K [0x0000000080000000, 0x0000000086c80000, 0x00000000d5580000)
  object space 111104K, 30% used [0x0000000080000000,0x00000000821869b8,0x0000000086c80000)
 Metaspace       used 69937K, capacity 73224K, committed 73368K, reserved 1112064K
  class space    used 9516K, capacity 10153K, committed 10160K, reserved 1048576K
Event: 43.095 GC heap after
Heap after GC invocations=13 (full 3):
 PSYoungGen      total 542208K, used 24063K [0x00000000d5580000, 0x00000000fc200000, 0x0000000100000000)
  eden space 518144K, 0% used [0x00000000d5580000,0x00000000d5580000,0x00000000f4f80000)
  from space 24064K, 99% used [0x00000000f6e80000,0x00000000f85ffe78,0x00000000f8600000)
  to   space 31744K, 0% used [0x00000000f4f80000,0x00000000f4f80000,0x00000000f6e80000)
 ParOldGen       total 111104K, used 45350K [0x0000000080000000, 0x0000000086c80000, 0x00000000d5580000)
  object space 111104K, 40% used [0x0000000080000000,0x0000000082c49a20,0x0000000086c80000)
 Metaspace       used 69937K, capacity 73224K, committed 73368K, reserved 1112064K
  class space    used 9516K, capacity 10153K, committed 10160K, reserved 1048576K
}
Event: 59.759 GC heap before
{Heap before GC invocations=14 (full 3):
 PSYoungGen      total 542208K, used 542207K [0x00000000d5580000, 0x00000000fc200000, 0x0000000100000000)
  eden space 518144K, 100% used [0x00000000d5580000,0x00000000f4f80000,0x00000000f4f80000)
  from space 24064K, 99% used [0x00000000f6e80000,0x00000000f85ffe78,0x00000000f8600000)
  to   space 31744K, 0% used [0x00000000f4f80000,0x00000000f4f80000,0x00000000f6e80000)
 ParOldGen       total 111104K, used 45350K [0x0000000080000000, 0x0000000086c80000, 0x00000000d5580000)
  object space 111104K, 40% used [0x0000000080000000,0x0000000082c49a20,0x0000000086c80000)
 Metaspace       used 91526K, capacity 97350K, committed 97560K, reserved 1132544K
  class space    used 12388K, capacity 13491K, committed 13616K, reserved 1048576K
Event: 59.826 GC heap after
Heap after GC invocations=14 (full 3):
 PSYoungGen      total 549888K, used 23735K [0x00000000d5580000, 0x00000000ff680000, 0x0000000100000000)
  eden space 518144K, 0% used [0x00000000d5580000,0x00000000d5580000,0x00000000f4f80000)
  from space 31744K, 74% used [0x00000000f4f80000,0x00000000f66ade90,0x00000000f6e80000)
  to   space 33792K, 0% used [0x00000000fd580000,0x00000000fd580000,0x00000000ff680000)
 ParOldGen       total 111104K, used 61470K [0x0000000080000000, 0x0000000086c80000, 0x00000000d5580000)
  object space 111104K, 55% used [0x0000000080000000,0x0000000083c07a00,0x0000000086c80000)
 Metaspace       used 91526K, capacity 97350K, committed 97560K, reserved 1132544K
  class space    used 12388K, capacity 13491K, committed 13616K, reserved 1048576K
}
Event: 59.988 GC heap before
{Heap before GC invocations=15 (full 3):
 PSYoungGen      total 549888K, used 50272K [0x00000000d5580000, 0x00000000ff680000, 0x0000000100000000)
  eden space 518144K, 5% used [0x00000000d5580000,0x00000000d6f6a300,0x00000000f4f80000)
  from space 31744K, 74% used [0x00000000f4f80000,0x00000000f66ade90,0x00000000f6e80000)
  to   space 33792K, 0% used [0x00000000fd580000,0x00000000fd580000,0x00000000ff680000)
 ParOldGen       total 111104K, used 61470K [0x0000000080000000, 0x0000000086c80000, 0x00000000d5580000)
  object space 111104K, 55% used [0x0000000080000000,0x0000000083c07a00,0x0000000086c80000)
 Metaspace       used 92742K, capacity 98534K, committed 98584K, reserved 1134592K
  class space    used 12472K, capacity 13587K, committed 13616K, reserved 1048576K
Event: 60.015 GC heap after
Heap after GC invocations=15 (full 3):
 PSYoungGen      total 656896K, used 10919K [0x00000000d5580000, 0x00000000fff00000, 0x0000000100000000)
  eden space 623104K, 0% used [0x00000000d5580000,0x00000000d5580000,0x00000000fb600000)
  from space 33792K, 32% used [0x00000000fd580000,0x00000000fe029f48,0x00000000ff680000)
  to   space 32256K, 0% used [0x00000000fb600000,0x00000000fb600000,0x00000000fd580000)
 ParOldGen       total 111104K, used 61478K [0x0000000080000000, 0x0000000086c80000, 0x00000000d5580000)
  object space 111104K, 55% used [0x0000000080000000,0x0000000083c09a00,0x0000000086c80000)
 Metaspace       used 92742K, capacity 98534K, committed 98584K, reserved 1134592K
  class space    used 12472K, capacity 13587K, committed 13616K, reserved 1048576K
}
Event: 60.015 GC heap before
{Heap before GC invocations=16 (full 4):
 PSYoungGen      total 656896K, used 10919K [0x00000000d5580000, 0x00000000fff00000, 0x0000000100000000)
  eden space 623104K, 0% used [0x00000000d5580000,0x00000000d5580000,0x00000000fb600000)
  from space 33792K, 32% used [0x00000000fd580000,0x00000000fe029f48,0x00000000ff680000)
  to   space 32256K, 0% used [0x00000000fb600000,0x00000000fb600000,0x00000000fd580000)
 ParOldGen       total 111104K, used 61478K [0x0000000080000000, 0x0000000086c80000, 0x00000000d5580000)
  object space 111104K, 55% used [0x0000000080000000,0x0000000083c09a00,0x0000000086c80000)
 Metaspace       used 92742K, capacity 98534K, committed 98584K, reserved 1134592K
  class space    used 12472K, capacity 13587K, committed 13616K, reserved 1048576K
Event: 60.327 GC heap after
Heap after GC invocations=16 (full 4):
 PSYoungGen      total 656896K, used 0K [0x00000000d5580000, 0x00000000fff00000, 0x0000000100000000)
  eden space 623104K, 0% used [0x00000000d5580000,0x00000000d5580000,0x00000000fb600000)
  from space 33792K, 0% used [0x00000000fd580000,0x00000000fd580000,0x00000000ff680000)
  to   space 32256K, 0% used [0x00000000fb600000,0x00000000fb600000,0x00000000fd580000)
 ParOldGen       total 155648K, used 55223K [0x0000000080000000, 0x0000000089800000, 0x00000000d5580000)
  object space 155648K, 35% used [0x0000000080000000,0x00000000835ede98,0x0000000089800000)
 Metaspace       used 91695K, capacity 96028K, committed 98584K, reserved 1134592K
  class space    used 12097K, capacity 12920K, committed 13616K, reserved 1048576K
}

