# JRE version: OpenJDK Runtime Environment (8.0_242-b01) (build 1.8.0_242-release-1644-b01)
# Java VM: OpenJDK 64-Bit Server VM (25.242-b01 mixed mode windows-amd64 compressed oops)
Heap:
 PSYoungGen      total 194560K, used 107047K [0x00000000d5580000, 0x00000000e2900000, 0x0000000100000000)
  eden space 174592K, 53% used [0x00000000d5580000,0x00000000db0aa5e0,0x00000000e0000000)
  from space 19968K, 68% used [0x00000000e1480000,0x00000000e21df670,0x00000000e2800000)
  to   space 20992K, 0% used [0x00000000e0000000,0x00000000e0000000,0x00000000e1480000)
 ParOldGen       total 110080K, used 29094K [0x0000000080000000, 0x0000000086b80000, 0x00000000d5580000)
  object space 110080K, 26% used [0x0000000080000000,0x0000000081c698c0,0x0000000086b80000)
 Metaspace       used 67229K, capacity 70348K, committed 70552K, reserved 1110016K
  class space    used 9024K, capacity 9609K, committed 9632K, reserved 1048576K
GC Heap History (10 events):
Event: 23.542 GC heap before
{Heap before GC invocations=15 (full 2):
 PSYoungGen      total 118784K, used 118493K [0x00000000d5580000, 0x00000000de780000, 0x0000000100000000)
  eden space 113152K, 100% used [0x00000000d5580000,0x00000000dc400000,0x00000000dc400000)
  from space 5632K, 94% used [0x00000000de200000,0x00000000de7377b0,0x00000000de780000)
  to   space 11776K, 0% used [0x00000000dd080000,0x00000000dd080000,0x00000000ddc00000)
 ParOldGen       total 74752K, used 13744K [0x0000000080000000, 0x0000000084900000, 0x00000000d5580000)
  object space 74752K, 18% used [0x0000000080000000,0x0000000080d6c308,0x0000000084900000)
 Metaspace       used 45261K, capacity 47234K, committed 47528K, reserved 1089536K
  class space    used 6113K, capacity 6473K, committed 6576K, reserved 1048576K
Event: 23.576 GC heap after
Heap after GC invocations=15 (full 2):
 PSYoungGen      total 137728K, used 11772K [0x00000000d5580000, 0x00000000dfb00000, 0x0000000100000000)
  eden space 125952K, 0% used [0x00000000d5580000,0x00000000d5580000,0x00000000dd080000)
  from space 11776K, 99% used [0x00000000dd080000,0x00000000ddbff2c0,0x00000000ddc00000)
  to   space 14336K, 0% used [0x00000000ded00000,0x00000000ded00000,0x00000000dfb00000)
 ParOldGen       total 74752K, used 15894K [0x0000000080000000, 0x0000000084900000, 0x00000000d5580000)
  object space 74752K, 21% used [0x0000000080000000,0x0000000080f859f8,0x0000000084900000)
 Metaspace       used 45261K, capacity 47234K, committed 47528K, reserved 1089536K
  class space    used 6113K, capacity 6473K, committed 6576K, reserved 1048576K
}
Event: 28.551 GC heap before
{Heap before GC invocations=16 (full 2):
 PSYoungGen      total 137728K, used 137724K [0x00000000d5580000, 0x00000000dfb00000, 0x0000000100000000)
  eden space 125952K, 100% used [0x00000000d5580000,0x00000000dd080000,0x00000000dd080000)
  from space 11776K, 99% used [0x00000000dd080000,0x00000000ddbff2c0,0x00000000ddc00000)
  to   space 14336K, 0% used [0x00000000ded00000,0x00000000ded00000,0x00000000dfb00000)
 ParOldGen       total 74752K, used 15894K [0x0000000080000000, 0x0000000084900000, 0x00000000d5580000)
  object space 74752K, 21% used [0x0000000080000000,0x0000000080f859f8,0x0000000084900000)
 Metaspace       used 55789K, capacity 58130K, committed 58280K, reserved 1099776K
  class space    used 7568K, capacity 8060K, committed 8112K, reserved 1048576K
Event: 28.586 GC heap after
Heap after GC invocations=16 (full 2):
 PSYoungGen      total 149504K, used 14329K [0x00000000d5580000, 0x00000000e1200000, 0x0000000100000000)
  eden space 135168K, 0% used [0x00000000d5580000,0x00000000d5580000,0x00000000dd980000)
  from space 14336K, 99% used [0x00000000ded00000,0x00000000dfafe610,0x00000000dfb00000)
  to   space 19968K, 0% used [0x00000000dd980000,0x00000000dd980000,0x00000000ded00000)
 ParOldGen       total 74752K, used 25700K [0x0000000080000000, 0x0000000084900000, 0x00000000d5580000)
  object space 74752K, 34% used [0x0000000080000000,0x0000000081919038,0x0000000084900000)
 Metaspace       used 55789K, capacity 58130K, committed 58280K, reserved 1099776K
  class space    used 7568K, capacity 8060K, committed 8112K, reserved 1048576K
}
Event: 28.784 GC heap before
{Heap before GC invocations=17 (full 2):
 PSYoungGen      total 149504K, used 27271K [0x00000000d5580000, 0x00000000e1200000, 0x0000000100000000)
  eden space 135168K, 9% used [0x00000000d5580000,0x00000000d6223660,0x00000000dd980000)
  from space 14336K, 99% used [0x00000000ded00000,0x00000000dfafe610,0x00000000dfb00000)
  to   space 19968K, 0% used [0x00000000dd980000,0x00000000dd980000,0x00000000ded00000)
 ParOldGen       total 74752K, used 25700K [0x0000000080000000, 0x0000000084900000, 0x00000000d5580000)
  object space 74752K, 34% used [0x0000000080000000,0x0000000081919038,0x0000000084900000)
 Metaspace       used 56686K, capacity 59074K, committed 59160K, reserved 1099776K
  class space    used 7670K, capacity 8144K, committed 8224K, reserved 1048576K
Event: 28.809 GC heap after
Heap after GC invocations=17 (full 2):
 PSYoungGen      total 155136K, used 1312K [0x00000000d5580000, 0x00000000e2800000, 0x0000000100000000)
  eden space 135168K, 0% used [0x00000000d5580000,0x00000000d5580000,0x00000000dd980000)
  from space 19968K, 6% used [0x00000000dd980000,0x00000000ddac8308,0x00000000ded00000)
  to   space 19968K, 0% used [0x00000000e1480000,0x00000000e1480000,0x00000000e2800000)
 ParOldGen       total 74752K, used 35076K [0x0000000080000000, 0x0000000084900000, 0x00000000d5580000)
  object space 74752K, 46% used [0x0000000080000000,0x0000000082241370,0x0000000084900000)
 Metaspace       used 56686K, capacity 59074K, committed 59160K, reserved 1099776K
  class space    used 7670K, capacity 8144K, committed 8224K, reserved 1048576K
}
Event: 28.809 GC heap before
{Heap before GC invocations=18 (full 3):
 PSYoungGen      total 155136K, used 1312K [0x00000000d5580000, 0x00000000e2800000, 0x0000000100000000)
  eden space 135168K, 0% used [0x00000000d5580000,0x00000000d5580000,0x00000000dd980000)
  from space 19968K, 6% used [0x00000000dd980000,0x00000000ddac8308,0x00000000ded00000)
  to   space 19968K, 0% used [0x00000000e1480000,0x00000000e1480000,0x00000000e2800000)
 ParOldGen       total 74752K, used 35076K [0x0000000080000000, 0x0000000084900000, 0x00000000d5580000)
  object space 74752K, 46% used [0x0000000080000000,0x0000000082241370,0x0000000084900000)
 Metaspace       used 56686K, capacity 59074K, committed 59160K, reserved 1099776K
  class space    used 7670K, capacity 8144K, committed 8224K, reserved 1048576K
Event: 29.052 GC heap after
Heap after GC invocations=18 (full 3):
 PSYoungGen      total 155136K, used 0K [0x00000000d5580000, 0x00000000e2800000, 0x0000000100000000)
  eden space 135168K, 0% used [0x00000000d5580000,0x00000000d5580000,0x00000000dd980000)
  from space 19968K, 0% used [0x00000000dd980000,0x00000000dd980000,0x00000000ded00000)
  to   space 19968K, 0% used [0x00000000e1480000,0x00000000e1480000,0x00000000e2800000)
 ParOldGen       total 110080K, used 29086K [0x0000000080000000, 0x0000000086b80000, 0x00000000d5580000)
  object space 110080K, 26% used [0x0000000080000000,0x0000000081c678c0,0x0000000086b80000)
 Metaspace       used 56643K, capacity 58930K, committed 59160K, reserved 1099776K
  class space    used 7656K, capacity 8120K, committed 8224K, reserved 1048576K
}
Event: 66.811 GC heap before
{Heap before GC invocations=19 (full 3):
 PSYoungGen      total 155136K, used 135168K [0x00000000d5580000, 0x00000000e2800000, 0x0000000100000000)
  eden space 135168K, 100% used [0x00000000d5580000,0x00000000dd980000,0x00000000dd980000)
  from space 19968K, 0% used [0x00000000dd980000,0x00000000dd980000,0x00000000ded00000)
  to   space 19968K, 0% used [0x00000000e1480000,0x00000000e1480000,0x00000000e2800000)
 ParOldGen       total 110080K, used 29086K [0x0000000080000000, 0x0000000086b80000, 0x00000000d5580000)
  object space 110080K, 26% used [0x0000000080000000,0x0000000081c678c0,0x0000000086b80000)
 Metaspace       used 65450K, capacity 68080K, committed 68248K, reserved 1107968K
  class space    used 8793K, capacity 9327K, committed 9376K, reserved 1048576K
Event: 66.835 GC heap after
Heap after GC invocations=19 (full 3):
 PSYoungGen      total 194560K, used 13693K [0x00000000d5580000, 0x00000000e2900000, 0x0000000100000000)
  eden space 174592K, 0% used [0x00000000d5580000,0x00000000d5580000,0x00000000e0000000)
  from space 19968K, 68% used [0x00000000e1480000,0x00000000e21df670,0x00000000e2800000)
  to   space 20992K, 0% used [0x00000000e0000000,0x00000000e0000000,0x00000000e1480000)
 ParOldGen       total 110080K, used 29094K [0x0000000080000000, 0x0000000086b80000, 0x00000000d5580000)
  object space 110080K, 26% used [0x0000000080000000,0x0000000081c698c0,0x0000000086b80000)
 Metaspace       used 65450K, capacity 68080K, committed 68248K, reserved 1107968K
  class space    used 8793K, capacity 9327K, committed 9376K, reserved 1048576K
}

