# JRE version: OpenJDK Runtime Environment (8.0_242-b01) (build 1.8.0_242-release-1644-b01)
# Java VM: OpenJDK 64-Bit Server VM (25.242-b01 mixed mode windows-amd64 compressed oops)
Heap:
 PSYoungGen      total 238080K, used 0K [0x00000000d5580000, 0x00000000e5300000, 0x0000000100000000)
  eden space 218112K, 0% used [0x00000000d5580000,0x00000000d5580000,0x00000000e2a80000)
  from space 19968K, 0% used [0x00000000e3e80000,0x00000000e3e80000,0x00000000e5200000)
  to   space 20480K, 0% used [0x00000000e2a80000,0x00000000e2a80000,0x00000000e3e80000)
 ParOldGen       total 76288K, used 29487K [0x0000000080000000, 0x0000000084a80000, 0x00000000d5580000)
  object space 76288K, 38% used [0x0000000080000000,0x0000000081ccbfb0,0x0000000084a80000)
 Metaspace       used 56451K, capacity 58788K, committed 59160K, reserved 1099776K
  class space    used 7726K, capacity 8193K, committed 8240K, reserved 1048576K
GC Heap History (10 events):
Event: 8.582 GC heap after
Heap after GC invocations=10 (full 1):
 PSYoungGen      total 140288K, used 11261K [0x00000000d5580000, 0x00000000e0f80000, 0x0000000100000000)
  eden space 129024K, 0% used [0x00000000d5580000,0x00000000d5580000,0x00000000dd380000)
  from space 11264K, 99% used [0x00000000dd380000,0x00000000dde7f410,0x00000000dde80000)
  to   space 12800K, 0% used [0x00000000e0300000,0x00000000e0300000,0x00000000e0f80000)
 ParOldGen       total 52736K, used 8320K [0x0000000080000000, 0x0000000083380000, 0x00000000d5580000)
  object space 52736K, 15% used [0x0000000080000000,0x0000000080820358,0x0000000083380000)
 Metaspace       used 34357K, capacity 35420K, committed 35496K, reserved 1079296K
  class space    used 4733K, capacity 5003K, committed 5040K, reserved 1048576K
}
Event: 8.582 GC heap before
{Heap before GC invocations=11 (full 2):
 PSYoungGen      total 140288K, used 11261K [0x00000000d5580000, 0x00000000e0f80000, 0x0000000100000000)
  eden space 129024K, 0% used [0x00000000d5580000,0x00000000d5580000,0x00000000dd380000)
  from space 11264K, 99% used [0x00000000dd380000,0x00000000dde7f410,0x00000000dde80000)
  to   space 12800K, 0% used [0x00000000e0300000,0x00000000e0300000,0x00000000e0f80000)
 ParOldGen       total 52736K, used 8320K [0x0000000080000000, 0x0000000083380000, 0x00000000d5580000)
  object space 52736K, 15% used [0x0000000080000000,0x0000000080820358,0x0000000083380000)
 Metaspace       used 34357K, capacity 35420K, committed 35496K, reserved 1079296K
  class space    used 4733K, capacity 5003K, committed 5040K, reserved 1048576K
Event: 8.668 GC heap after
Heap after GC invocations=11 (full 2):
 PSYoungGen      total 140288K, used 0K [0x00000000d5580000, 0x00000000e0f80000, 0x0000000100000000)
  eden space 129024K, 0% used [0x00000000d5580000,0x00000000d5580000,0x00000000dd380000)
  from space 11264K, 0% used [0x00000000dd380000,0x00000000dd380000,0x00000000dde80000)
  to   space 12800K, 0% used [0x00000000e0300000,0x00000000e0300000,0x00000000e0f80000)
 ParOldGen       total 76288K, used 17514K [0x0000000080000000, 0x0000000084a80000, 0x00000000d5580000)
  object space 76288K, 22% used [0x0000000080000000,0x000000008111a938,0x0000000084a80000)
 Metaspace       used 34357K, capacity 35420K, committed 35496K, reserved 1079296K
  class space    used 4733K, capacity 5003K, committed 5040K, reserved 1048576K
}
Event: 12.205 GC heap before
{Heap before GC invocations=12 (full 2):
 PSYoungGen      total 140288K, used 129024K [0x00000000d5580000, 0x00000000e0f80000, 0x0000000100000000)
  eden space 129024K, 100% used [0x00000000d5580000,0x00000000dd380000,0x00000000dd380000)
  from space 11264K, 0% used [0x00000000dd380000,0x00000000dd380000,0x00000000dde80000)
  to   space 12800K, 0% used [0x00000000e0300000,0x00000000e0300000,0x00000000e0f80000)
 ParOldGen       total 76288K, used 17514K [0x0000000080000000, 0x0000000084a80000, 0x00000000d5580000)
  object space 76288K, 22% used [0x0000000080000000,0x000000008111a938,0x0000000084a80000)
 Metaspace       used 40559K, capacity 42368K, committed 42664K, reserved 1085440K
  class space    used 5582K, capacity 5980K, committed 6064K, reserved 1048576K
Event: 12.215 GC heap after
Heap after GC invocations=12 (full 2):
 PSYoungGen      total 176640K, used 10726K [0x00000000d5580000, 0x00000000e1c00000, 0x0000000100000000)
  eden space 163840K, 0% used [0x00000000d5580000,0x00000000d5580000,0x00000000df580000)
  from space 12800K, 83% used [0x00000000e0300000,0x00000000e0d79990,0x00000000e0f80000)
  to   space 13824K, 0% used [0x00000000df580000,0x00000000df580000,0x00000000e0300000)
 ParOldGen       total 76288K, used 17522K [0x0000000080000000, 0x0000000084a80000, 0x00000000d5580000)
  object space 76288K, 22% used [0x0000000080000000,0x000000008111c938,0x0000000084a80000)
 Metaspace       used 40559K, capacity 42368K, committed 42664K, reserved 1085440K
  class space    used 5582K, capacity 5980K, committed 6064K, reserved 1048576K
}
Event: 15.798 GC heap before
{Heap before GC invocations=13 (full 2):
 PSYoungGen      total 176640K, used 174566K [0x00000000d5580000, 0x00000000e1c00000, 0x0000000100000000)
  eden space 163840K, 100% used [0x00000000d5580000,0x00000000df580000,0x00000000df580000)
  from space 12800K, 83% used [0x00000000e0300000,0x00000000e0d79990,0x00000000e0f80000)
  to   space 13824K, 0% used [0x00000000df580000,0x00000000df580000,0x00000000e0300000)
 ParOldGen       total 76288K, used 17522K [0x0000000080000000, 0x0000000084a80000, 0x00000000d5580000)
  object space 76288K, 22% used [0x0000000080000000,0x000000008111c938,0x0000000084a80000)
 Metaspace       used 55690K, capacity 58076K, committed 58280K, reserved 1099776K
  class space    used 7599K, capacity 8097K, committed 8112K, reserved 1048576K
Event: 15.857 GC heap after
Heap after GC invocations=13 (full 2):
 PSYoungGen      total 177664K, used 13809K [0x00000000d5580000, 0x00000000e5200000, 0x0000000100000000)
  eden space 163840K, 0% used [0x00000000d5580000,0x00000000d5580000,0x00000000df580000)
  from space 13824K, 99% used [0x00000000df580000,0x00000000e02fc448,0x00000000e0300000)
  to   space 19968K, 0% used [0x00000000e3e80000,0x00000000e3e80000,0x00000000e5200000)
 ParOldGen       total 76288K, used 29912K [0x0000000080000000, 0x0000000084a80000, 0x00000000d5580000)
  object space 76288K, 39% used [0x0000000080000000,0x0000000081d36038,0x0000000084a80000)
 Metaspace       used 55690K, capacity 58076K, committed 58280K, reserved 1099776K
  class space    used 7599K, capacity 8097K, committed 8112K, reserved 1048576K
}
Event: 16.324 GC heap before
{Heap before GC invocations=14 (full 2):
 PSYoungGen      total 177664K, used 28298K [0x00000000d5580000, 0x00000000e5200000, 0x0000000100000000)
  eden space 163840K, 8% used [0x00000000d5580000,0x00000000d63a6428,0x00000000df580000)
  from space 13824K, 99% used [0x00000000df580000,0x00000000e02fc448,0x00000000e0300000)
  to   space 19968K, 0% used [0x00000000e3e80000,0x00000000e3e80000,0x00000000e5200000)
 ParOldGen       total 76288K, used 29912K [0x0000000080000000, 0x0000000084a80000, 0x00000000d5580000)
  object space 76288K, 39% used [0x0000000080000000,0x0000000081d36038,0x0000000084a80000)
 Metaspace       used 56484K, capacity 58896K, committed 59160K, reserved 1099776K
  class space    used 7736K, capacity 8211K, committed 8240K, reserved 1048576K
Event: 16.346 GC heap after
Heap after GC invocations=14 (full 2):
 PSYoungGen      total 238080K, used 1344K [0x00000000d5580000, 0x00000000e5300000, 0x0000000100000000)
  eden space 218112K, 0% used [0x00000000d5580000,0x00000000d5580000,0x00000000e2a80000)
  from space 19968K, 6% used [0x00000000e3e80000,0x00000000e3fd0000,0x00000000e5200000)
  to   space 20480K, 0% used [0x00000000e2a80000,0x00000000e2a80000,0x00000000e3e80000)
 ParOldGen       total 76288K, used 40766K [0x0000000080000000, 0x0000000084a80000, 0x00000000d5580000)
  object space 76288K, 53% used [0x0000000080000000,0x00000000827cfbf0,0x0000000084a80000)
 Metaspace       used 56484K, capacity 58896K, committed 59160K, reserved 1099776K
  class space    used 7736K, capacity 8211K, committed 8240K, reserved 1048576K
}
Event: 16.346 GC heap before
{Heap before GC invocations=15 (full 3):
 PSYoungGen      total 238080K, used 1344K [0x00000000d5580000, 0x00000000e5300000, 0x0000000100000000)
  eden space 218112K, 0% used [0x00000000d5580000,0x00000000d5580000,0x00000000e2a80000)
  from space 19968K, 6% used [0x00000000e3e80000,0x00000000e3fd0000,0x00000000e5200000)
  to   space 20480K, 0% used [0x00000000e2a80000,0x00000000e2a80000,0x00000000e3e80000)
 ParOldGen       total 76288K, used 40766K [0x0000000080000000, 0x0000000084a80000, 0x00000000d5580000)
  object space 76288K, 53% used [0x0000000080000000,0x00000000827cfbf0,0x0000000084a80000)
 Metaspace       used 56484K, capacity 58896K, committed 59160K, reserved 1099776K
  class space    used 7736K, capacity 8211K, committed 8240K, reserved 1048576K

