# JRE version: OpenJDK Runtime Environment (8.0_242-b01) (build 1.8.0_242-release-1644-b01)
# Java VM: OpenJDK 64-Bit Server VM (25.242-b01 mixed mode windows-amd64 compressed oops)
Heap:
 PSYoungGen      total 287744K, used 37406K [0x00000000d5580000, 0x00000000e8b00000, 0x0000000100000000)
  eden space 259584K, 7% used [0x00000000d5580000,0x00000000d675bc10,0x00000000e5300000)
  from space 28160K, 67% used [0x00000000e5300000,0x00000000e65abd28,0x00000000e6e80000)
  to   space 22016K, 0% used [0x00000000e6e80000,0x00000000e6e80000,0x00000000e8400000)
 ParOldGen       total 196608K, used 64067K [0x0000000080000000, 0x000000008c000000, 0x00000000d5580000)
  object space 196608K, 32% used [0x0000000080000000,0x0000000083e90c00,0x000000008c000000)
 Metaspace       used 91914K, capacity 96256K, committed 96600K, reserved 1132544K
  class space    used 12152K, capacity 13061K, committed 13184K, reserved 1048576K
GC Heap History (10 events):
Event: 17.315 GC heap before
{Heap before GC invocations=12 (full 2):
 PSYoungGen      total 202752K, used 77000K [0x00000000d5580000, 0x00000000e4b80000, 0x0000000100000000)
  eden space 189440K, 33% used [0x00000000d5580000,0x00000000d93b4f90,0x00000000e0e80000)
  from space 13312K, 99% used [0x00000000e0e80000,0x00000000e1b7d340,0x00000000e1b80000)
  to   space 18432K, 0% used [0x00000000e3980000,0x00000000e3980000,0x00000000e4b80000)
 ParOldGen       total 133632K, used 22630K [0x0000000080000000, 0x0000000088280000, 0x00000000d5580000)
  object space 133632K, 16% used [0x0000000080000000,0x0000000081619ae8,0x0000000088280000)
 Metaspace       used 56461K, capacity 58934K, committed 59028K, reserved 1099776K
  class space    used 7411K, capacity 7889K, committed 7936K, reserved 1048576K
Event: 17.343 GC heap after
Heap after GC invocations=12 (full 2):
 PSYoungGen      total 232448K, used 14851K [0x00000000d5580000, 0x00000000e6680000, 0x0000000100000000)
  eden space 214016K, 0% used [0x00000000d5580000,0x00000000d5580000,0x00000000e2680000)
  from space 18432K, 80% used [0x00000000e3980000,0x00000000e4800d00,0x00000000e4b80000)
  to   space 19456K, 0% used [0x00000000e2680000,0x00000000e2680000,0x00000000e3980000)
 ParOldGen       total 133632K, used 28290K [0x0000000080000000, 0x0000000088280000, 0x00000000d5580000)
  object space 133632K, 21% used [0x0000000080000000,0x0000000081ba09d8,0x0000000088280000)
 Metaspace       used 56461K, capacity 58934K, committed 59028K, reserved 1099776K
  class space    used 7411K, capacity 7889K, committed 7936K, reserved 1048576K
}
Event: 17.343 GC heap before
{Heap before GC invocations=13 (full 3):
 PSYoungGen      total 232448K, used 14851K [0x00000000d5580000, 0x00000000e6680000, 0x0000000100000000)
  eden space 214016K, 0% used [0x00000000d5580000,0x00000000d5580000,0x00000000e2680000)
  from space 18432K, 80% used [0x00000000e3980000,0x00000000e4800d00,0x00000000e4b80000)
  to   space 19456K, 0% used [0x00000000e2680000,0x00000000e2680000,0x00000000e3980000)
 ParOldGen       total 133632K, used 28290K [0x0000000080000000, 0x0000000088280000, 0x00000000d5580000)
  object space 133632K, 21% used [0x0000000080000000,0x0000000081ba09d8,0x0000000088280000)
 Metaspace       used 56461K, capacity 58934K, committed 59028K, reserved 1099776K
  class space    used 7411K, capacity 7889K, committed 7936K, reserved 1048576K
Event: 17.566 GC heap after
Heap after GC invocations=13 (full 3):
 PSYoungGen      total 232448K, used 0K [0x00000000d5580000, 0x00000000e6680000, 0x0000000100000000)
  eden space 214016K, 0% used [0x00000000d5580000,0x00000000d5580000,0x00000000e2680000)
  from space 18432K, 0% used [0x00000000e3980000,0x00000000e3980000,0x00000000e4b80000)
  to   space 19456K, 0% used [0x00000000e2680000,0x00000000e2680000,0x00000000e3980000)
 ParOldGen       total 196608K, used 33037K [0x0000000080000000, 0x000000008c000000, 0x00000000d5580000)
  object space 196608K, 16% used [0x0000000080000000,0x0000000082043580,0x000000008c000000)
 Metaspace       used 56361K, capacity 58670K, committed 59028K, reserved 1099776K
  class space    used 7384K, capacity 7855K, committed 7936K, reserved 1048576K
}
Event: 24.426 GC heap before
{Heap before GC invocations=14 (full 3):
 PSYoungGen      total 232448K, used 214016K [0x00000000d5580000, 0x00000000e6680000, 0x0000000100000000)
  eden space 214016K, 100% used [0x00000000d5580000,0x00000000e2680000,0x00000000e2680000)
  from space 18432K, 0% used [0x00000000e3980000,0x00000000e3980000,0x00000000e4b80000)
  to   space 19456K, 0% used [0x00000000e2680000,0x00000000e2680000,0x00000000e3980000)
 ParOldGen       total 196608K, used 33037K [0x0000000080000000, 0x000000008c000000, 0x00000000d5580000)
  object space 196608K, 16% used [0x0000000080000000,0x0000000082043580,0x000000008c000000)
 Metaspace       used 69366K, capacity 72340K, committed 72408K, reserved 1112064K
  class space    used 9390K, capacity 9972K, committed 9984K, reserved 1048576K
Event: 24.454 GC heap after
Heap after GC invocations=14 (full 3):
 PSYoungGen      total 233472K, used 19446K [0x00000000d5580000, 0x00000000e8400000, 0x0000000100000000)
  eden space 214016K, 0% used [0x00000000d5580000,0x00000000d5580000,0x00000000e2680000)
  from space 19456K, 99% used [0x00000000e2680000,0x00000000e397d8f8,0x00000000e3980000)
  to   space 22016K, 0% used [0x00000000e6e80000,0x00000000e6e80000,0x00000000e8400000)
 ParOldGen       total 196608K, used 33488K [0x0000000080000000, 0x000000008c000000, 0x00000000d5580000)
  object space 196608K, 17% used [0x0000000080000000,0x00000000820b4040,0x000000008c000000)
 Metaspace       used 69366K, capacity 72340K, committed 72408K, reserved 1112064K
  class space    used 9390K, capacity 9972K, committed 9984K, reserved 1048576K
}
Event: 30.555 GC heap before
{Heap before GC invocations=15 (full 3):
 PSYoungGen      total 233472K, used 233462K [0x00000000d5580000, 0x00000000e8400000, 0x0000000100000000)
  eden space 214016K, 100% used [0x00000000d5580000,0x00000000e2680000,0x00000000e2680000)
  from space 19456K, 99% used [0x00000000e2680000,0x00000000e397d8f8,0x00000000e3980000)
  to   space 22016K, 0% used [0x00000000e6e80000,0x00000000e6e80000,0x00000000e8400000)
 ParOldGen       total 196608K, used 33488K [0x0000000080000000, 0x000000008c000000, 0x00000000d5580000)
  object space 196608K, 17% used [0x0000000080000000,0x00000000820b4040,0x000000008c000000)
 Metaspace       used 81540K, capacity 85170K, committed 85464K, reserved 1122304K
  class space    used 10982K, capacity 11730K, committed 11776K, reserved 1048576K
Event: 30.587 GC heap after
Heap after GC invocations=15 (full 3):
 PSYoungGen      total 281600K, used 22000K [0x00000000d5580000, 0x00000000e8b00000, 0x0000000100000000)
  eden space 259584K, 0% used [0x00000000d5580000,0x00000000d5580000,0x00000000e5300000)
  from space 22016K, 99% used [0x00000000e6e80000,0x00000000e83fc3d0,0x00000000e8400000)
  to   space 28160K, 0% used [0x00000000e5300000,0x00000000e5300000,0x00000000e6e80000)
 ParOldGen       total 196608K, used 42985K [0x0000000080000000, 0x000000008c000000, 0x00000000d5580000)
  object space 196608K, 21% used [0x0000000080000000,0x00000000829fa6b8,0x000000008c000000)
 Metaspace       used 81540K, capacity 85170K, committed 85464K, reserved 1122304K
  class space    used 10982K, capacity 11730K, committed 11776K, reserved 1048576K
}
Event: 167.559 GC heap before
{Heap before GC invocations=16 (full 3):
 PSYoungGen      total 281600K, used 281584K [0x00000000d5580000, 0x00000000e8b00000, 0x0000000100000000)
  eden space 259584K, 100% used [0x00000000d5580000,0x00000000e5300000,0x00000000e5300000)
  from space 22016K, 99% used [0x00000000e6e80000,0x00000000e83fc3d0,0x00000000e8400000)
  to   space 28160K, 0% used [0x00000000e5300000,0x00000000e5300000,0x00000000e6e80000)
 ParOldGen       total 196608K, used 42985K [0x0000000080000000, 0x000000008c000000, 0x00000000d5580000)
  object space 196608K, 21% used [0x0000000080000000,0x00000000829fa6b8,0x000000008c000000)
 Metaspace       used 91375K, capacity 95652K, committed 95960K, reserved 1132544K
  class space    used 12094K, capacity 12991K, committed 13056K, reserved 1048576K
Event: 167.616 GC heap after
Heap after GC invocations=16 (full 3):
 PSYoungGen      total 287744K, used 19119K [0x00000000d5580000, 0x00000000e8b00000, 0x0000000100000000)
  eden space 259584K, 0% used [0x00000000d5580000,0x00000000d5580000,0x00000000e5300000)
  from space 28160K, 67% used [0x00000000e5300000,0x00000000e65abd28,0x00000000e6e80000)
  to   space 22016K, 0% used [0x00000000e6e80000,0x00000000e6e80000,0x00000000e8400000)
 ParOldGen       total 196608K, used 64067K [0x0000000080000000, 0x000000008c000000, 0x00000000d5580000)
  object space 196608K, 32% used [0x0000000080000000,0x0000000083e90c00,0x000000008c000000)
 Metaspace       used 91375K, capacity 95652K, committed 95960K, reserved 1132544K
  class space    used 12094K, capacity 12991K, committed 13056K, reserved 1048576K
}

